#
# There is insufficient memory for the Java Runtime Environment to continue.
# Native memory allocation (mmap) failed to map 266338304 bytes for Failed to commit area from 0x0000000702200000 to 0x0000000712000000 of length 266338304.
# Possible reasons:
#   The system is out of physical RAM or swap space
#   The process is running with CompressedOops enabled, and the Java Heap may be blocking the growth of the native heap
# Possible solutions:
#   Reduce memory load on the system
#   Increase physical memory or swap space
#   Check if swap backing store is full
#   Decrease Java heap size (-Xmx/-Xms)
#   Decrease number of Java threads
#   Decrease Java thread stack sizes (-Xss)
#   Set larger code cache with -XX:ReservedCodeCacheSize=
# This output file may be truncated or incomplete.
#
#  Out of Memory Error (./src/hotspot/os/windows/os_windows.cpp:3387), pid=21232, tid=2784
#
# JRE version:  (11.0.14.1+1) (build )
# Java VM: OpenJDK 64-Bit Server VM (11.0.14.1+1, mixed mode, sharing, tiered, compressed oops, g1 gc, windows-amd64)
# No core dump will be written. Minidumps are not enabled by default on client versions of Windows
#

---------------  S U M M A R Y ------------

Command Line: 

Host: Intel(R) Core(TM) i7-7700 CPU @ 3.60GHz, 8 cores, 15G,  Windows 10 , 64 bit Build 19041 (10.0.19041.3155)
Time: Tue Aug 22 17:10:52 2023 SE Asia Standard Time elapsed time: 0.014877 seconds (0d 0h 0m 0s)

---------------  T H R E A D  ---------------

Current thread (0x0000021fe5c00000):  JavaThread "Unknown thread" [_thread_in_vm, id=2784, stack(0x000000336e700000,0x000000336e800000)]

Stack: [0x000000336e700000,0x000000336e800000]
Native frames: (J=compiled Java code, j=interpreted, Vv=VM code, C=native code)
V  [jvm.dll+0x61e59a]
V  [jvm.dll+0x7aaca9]
V  [jvm.dll+0x7ac398]
V  [jvm.dll+0x7aca73]
V  [jvm.dll+0x24f9b8]
V  [jvm.dll+0x61b83a]
V  [jvm.dll+0x6100c5]
V  [jvm.dll+0x30772c]
V  [jvm.dll+0x3075b2]
V  [jvm.dll+0x30c2d6]
V  [jvm.dll+0x35272f]
V  [jvm.dll+0x352160]
V  [jvm.dll+0x2e4728]
V  [jvm.dll+0x2e5886]
V  [jvm.dll+0x784b07]
V  [jvm.dll+0x78628f]
V  [jvm.dll+0x35f479]
V  [jvm.dll+0x767aa0]
V  [jvm.dll+0x3ccf1f]
V  [jvm.dll+0x3cf2b1]
C  [jli.dll+0x5207]
C  [ucrtbase.dll+0x21bb2]
C  [KERNEL32.DLL+0x17614]
C  [ntdll.dll+0x526b1]


---------------  P R O C E S S  ---------------

Threads class SMR info:
_java_thread_list=0x0000021fe3affab0, length=0, elements={
}

Java Threads: ( => current thread )

Other Threads:
  0x0000021fe5c12000 GCTaskThread "GC Thread#0" [stack: 0x000000336e800000,0x000000336e900000] [id=11916]
  0x0000021fe5c70800 ConcurrentGCThread "G1 Main Marker" [stack: 0x000000336e900000,0x000000336ea00000] [id=4068]
  0x0000021fe5c72000 ConcurrentGCThread "G1 Conc#0" [stack: 0x000000336ea00000,0x000000336eb00000] [id=2740]

[error occurred during error reporting (printing all threads), id 0xc0000005, EXCEPTION_ACCESS_VIOLATION (0xc0000005) at pc=0x00007ffb34083ef7]

VM state:not at safepoint (not fully initialized)

VM Mutex/Monitor currently owned by a thread:  ([mutex/lock_event])
[0x0000021fe5bfd7c0] Heap_lock - owner thread: 0x0000021fe5c00000

Heap address: 0x0000000702200000, size: 4062 MB, Compressed Oops mode: Non-zero based: 0x0000000702200000
Narrow klass base: 0x0000000000000000, Narrow klass shift: 0

GC Heap History (0 events):
No events

Deoptimization events (0 events):
No events

Classes redefined (0 events):
No events

Internal exceptions (0 events):
No events

Events (1 events):
Event: 0.009 Loaded shared library C:\Program Files\Unity\Hub\Editor\2022.3.0f1\Editor\Data\PlaybackEngines\AndroidPlayer\OpenJDK\bin\zip.dll


Dynamic libraries:
0x00007ff722b90000 - 0x00007ff722b9d000 	C:\Program Files\Unity\Hub\Editor\2022.3.0f1\Editor\Data\PlaybackEngines\AndroidPlayer\OpenJDK\bin\java.exe
0x00007ffb5aa90000 - 0x00007ffb5ac88000 	C:\Windows\SYSTEM32\ntdll.dll
0x00007ffb594e0000 - 0x00007ffb5959f000 	C:\Windows\System32\KERNEL32.DLL
0x00007ffb58350000 - 0x00007ffb58646000 	C:\Windows\System32\KERNELBASE.dll
0x00007ffb589c0000 - 0x00007ffb58ac0000 	C:\Windows\System32\ucrtbase.dll
0x00007ffb35cf0000 - 0x00007ffb35d05000 	C:\Program Files\Unity\Hub\Editor\2022.3.0f1\Editor\Data\PlaybackEngines\AndroidPlayer\OpenJDK\bin\VCRUNTIME140.dll
0x00007ffb35d10000 - 0x00007ffb35d27000 	C:\Program Files\Unity\Hub\Editor\2022.3.0f1\Editor\Data\PlaybackEngines\AndroidPlayer\OpenJDK\bin\jli.dll
0x00007ffb59120000 - 0x00007ffb592bd000 	C:\Windows\System32\USER32.dll
0x00007ffb2fe60000 - 0x00007ffb300fa000 	C:\Windows\WinSxS\amd64_microsoft.windows.common-controls_6595b64144ccf1df_6.0.19041.1110_none_60b5254171f9507e\COMCTL32.dll
0x00007ffb5a1d0000 - 0x00007ffb5a26e000 	C:\Windows\System32\msvcrt.dll
0x00007ffb58ac0000 - 0x00007ffb58ae2000 	C:\Windows\System32\win32u.dll
0x00007ffb590f0000 - 0x00007ffb5911c000 	C:\Windows\System32\GDI32.dll
0x00007ffb58650000 - 0x00007ffb58765000 	C:\Windows\System32\gdi32full.dll
0x00007ffb58170000 - 0x00007ffb5820d000 	C:\Windows\System32\msvcp_win.dll
0x00007ffb5a270000 - 0x00007ffb5a2a0000 	C:\Windows\System32\IMM32.DLL
0x00007ffb35110000 - 0x00007ffb351ab000 	C:\Program Files\Unity\Hub\Editor\2022.3.0f1\Editor\Data\PlaybackEngines\AndroidPlayer\OpenJDK\bin\msvcp140.dll
0x00007ffb33d90000 - 0x00007ffb34911000 	C:\Program Files\Unity\Hub\Editor\2022.3.0f1\Editor\Data\PlaybackEngines\AndroidPlayer\OpenJDK\bin\server\jvm.dll
0x00007ffb59ff0000 - 0x00007ffb5a09f000 	C:\Windows\System32\ADVAPI32.dll
0x00007ffb58f20000 - 0x00007ffb58fbc000 	C:\Windows\System32\sechost.dll
0x00007ffb58af0000 - 0x00007ffb58c16000 	C:\Windows\System32\RPCRT4.dll
0x00007ffb58dd0000 - 0x00007ffb58dd8000 	C:\Windows\System32\PSAPI.DLL
0x00007ffb37150000 - 0x00007ffb37177000 	C:\Windows\SYSTEM32\WINMM.dll
0x00007ffaddc50000 - 0x00007ffaddc59000 	C:\Windows\SYSTEM32\WSOCK32.dll
0x00007ffb53aa0000 - 0x00007ffb53aaa000 	C:\Windows\SYSTEM32\VERSION.dll
0x00007ffb59900000 - 0x00007ffb5996b000 	C:\Windows\System32\WS2_32.dll
0x00007ffb55f50000 - 0x00007ffb55f62000 	C:\Windows\SYSTEM32\kernel.appcore.dll
0x00007ffb535b0000 - 0x00007ffb535c0000 	C:\Program Files\Unity\Hub\Editor\2022.3.0f1\Editor\Data\PlaybackEngines\AndroidPlayer\OpenJDK\bin\verify.dll
0x00007ffb52a90000 - 0x00007ffb52c74000 	C:\Windows\SYSTEM32\DBGHELP.DLL
0x00007ffb529a0000 - 0x00007ffb529d4000 	C:\Windows\SYSTEM32\dbgcore.DLL
0x00007ffb58210000 - 0x00007ffb58292000 	C:\Windows\System32\bcryptPrimitives.dll
0x00007ffb35cc0000 - 0x00007ffb35ce8000 	C:\Program Files\Unity\Hub\Editor\2022.3.0f1\Editor\Data\PlaybackEngines\AndroidPlayer\OpenJDK\bin\java.dll
0x00007ffb35ea0000 - 0x00007ffb35eaa000 	C:\Program Files\Unity\Hub\Editor\2022.3.0f1\Editor\Data\PlaybackEngines\AndroidPlayer\OpenJDK\bin\jimage.dll
0x00007ffb35ca0000 - 0x00007ffb35cb8000 	C:\Program Files\Unity\Hub\Editor\2022.3.0f1\Editor\Data\PlaybackEngines\AndroidPlayer\OpenJDK\bin\zip.dll

dbghelp: loaded successfully - version: 4.0.5 - missing functions: none
symbol engine: initialized successfully - sym options: 0x614 - pdb path: .;C:\Program Files\Unity\Hub\Editor\2022.3.0f1\Editor\Data\PlaybackEngines\AndroidPlayer\OpenJDK\bin;C:\Windows\SYSTEM32;C:\Windows\WinSxS\amd64_microsoft.windows.common-controls_6595b64144ccf1df_6.0.19041.1110_none_60b5254171f9507e;C:\Program Files\Unity\Hub\Editor\2022.3.0f1\Editor\Data\PlaybackEngines\AndroidPlayer\OpenJDK\bin\server

VM Arguments:
java_command: <unknown>
java_class_path (initial): <not set>
Launcher Type: SUN_STANDARD

[Global flags]
     intx CICompilerCount                          = 4                                         {product} {ergonomic}
     uint ConcGCThreads                            = 2                                         {product} {ergonomic}
     uint G1ConcRefinementThreads                  = 8                                         {product} {ergonomic}
   size_t G1HeapRegionSize                         = 1048576                                   {product} {ergonomic}
    uintx GCDrainStackTargetSize                   = 64                                        {product} {ergonomic}
   size_t InitialHeapSize                          = 266338304                                 {product} {ergonomic}
   size_t MarkStackSize                            = 4194304                                   {product} {ergonomic}
   size_t MaxHeapSize                              = 4259315712                                {product} {ergonomic}
   size_t MinHeapDeltaBytes                        = 1048576                                   {product} {ergonomic}
    uintx NonNMethodCodeHeapSize                   = 5836300                                {pd product} {ergonomic}
    uintx NonProfiledCodeHeapSize                  = 122910970                              {pd product} {ergonomic}
    uintx ProfiledCodeHeapSize                     = 122910970                              {pd product} {ergonomic}
    uintx ReservedCodeCacheSize                    = 251658240                              {pd product} {ergonomic}
     bool SegmentedCodeCache                       = true                                      {product} {ergonomic}
     bool UseCompressedClassPointers               = true                                 {lp64_product} {ergonomic}
     bool UseCompressedOops                        = true                                 {lp64_product} {ergonomic}
     bool UseG1GC                                  = true                                      {product} {ergonomic}
     bool UseLargePagesIndividualAllocation        = false                                  {pd product} {ergonomic}

Logging:
Log output configuration:
 #0: stdout all=warning uptime,level,tags
 #1: stderr all=off uptime,level,tags

Environment Variables:
JAVA_HOME=C:\Program Files\Unity\Hub\Editor\2022.3.0f1\Editor\Data\PlaybackEngines\AndroidPlayer\OpenJDK
PATH=C:\Program Files (x86)\Common Files\Oracle\Java\javapath;C:\Program Files\Microsoft\jdk-11.0.16.101-hotspot\bin;C:\Windows\system32;C:\Windows;C:\Windows\System32\Wbem;C:\Windows\System32\WindowsPowerShell\v1.0\;C:\Windows\System32\OpenSSH\;C:\Program Files\Git\cmd;C:\Program Files\dotnet\;C:\Program Files\Java\jdk-1.8\bin;C:\Program Files\Cloudflare\Cloudflare WARP\;C:\Users\tttt\AppData\Local\Microsoft\WindowsApps;;C:\Program Files\JetBrains\IntelliJ IDEA Community Edition 2023.1.2\bin;;C:\Users\tttt\AppData\Local\Programs\Microsoft VS Code\bin;C:\Users\tttt\.dotnet\tools
USERNAME=tttt
OS=Windows_NT
PROCESSOR_IDENTIFIER=Intel64 Family 6 Model 158 Stepping 9, GenuineIntel



---------------  S Y S T E M  ---------------

OS: Windows 10 , 64 bit Build 19041 (10.0.19041.3155)
OS uptime: 1 days 3:34 hours

CPU:total 8 (initial active 8) (4 cores per cpu, 2 threads per core) family 6 model 158 stepping 9 microcode 0xb4, cmov, cx8, fxsr, mmx, sse, sse2, sse3, ssse3, sse4.1, sse4.2, popcnt, avx, avx2, aes, clmul, erms, rtm, 3dnowpref, lzcnt, ht, tsc, tscinvbit, bmi1, bmi2, adx, fma

Memory: 4k page, system-wide physical 16246M (784M free)
TotalPageFile size 35289M (AvailPageFile size 150M)
current process WorkingSet (physical memory assigned to process): 10M, peak: 10M
current process commit charge ("private bytes"): 60M, peak: 314M

vm_info: OpenJDK 64-Bit Server VM (11.0.14.1+1) for windows-amd64 JRE (11.0.14.1+1), built on Feb  9 2022 01:48:27 by "" with unknown MS VC++:1916

END.
