#
# There is insufficient memory for the Java Runtime Environment to continue.
# Native memory allocation (malloc) failed to allocate 1048576 bytes for AllocateHeap
# Possible reasons:
#   The system is out of physical RAM or swap space
#   The process is running with CompressedOops enabled, and the Java Heap may be blocking the growth of the native heap
# Possible solutions:
#   Reduce memory load on the system
#   Increase physical memory or swap space
#   Check if swap backing store is full
#   Decrease Java heap size (-Xmx/-Xms)
#   Decrease number of Java threads
#   Decrease Java thread stack sizes (-Xss)
#   Set larger code cache with -XX:ReservedCodeCacheSize=
#   JVM is running with Unscaled Compressed Oops mode in which the Java heap is
#     placed in the first 4GB address space. The Java Heap base address is the
#     maximum limit for the native heap growth. Please use -XX:HeapBaseMinAddress
#     to set the Java Heap base and to place the Java Heap above 4GB virtual address.
# This output file may be truncated or incomplete.
#
#  Out of Memory Error (./src/hotspot/share/memory/allocation.cpp:46), pid=13036, tid=16320
#
# JRE version:  (11.0.14.1+1) (build )
# Java VM: OpenJDK 64-Bit Server VM (11.0.14.1+1, mixed mode, sharing, tiered, compressed oops, g1 gc, windows-amd64)
# No core dump will be written. Minidumps are not enabled by default on client versions of Windows
#

---------------  S U M M A R Y ------------

Command Line: -Dfile.encoding=UTF-8 

Host: Intel(R) Core(TM) i7-7700 CPU @ 3.60GHz, 8 cores, 15G,  Windows 10 , 64 bit Build 19041 (10.0.19041.3155)
Time: Mon Aug 21 12:47:27 2023 SE Asia Standard Time elapsed time: 0.010507 seconds (0d 0h 0m 0s)

---------------  T H R E A D  ---------------

Current thread (0x0000027ba552e000):  JavaThread "Unknown thread" [_thread_in_vm, id=16320, stack(0x0000008735a00000,0x0000008735b00000)]

Stack: [0x0000008735a00000,0x0000008735b00000]
Native frames: (J=compiled Java code, j=interpreted, Vv=VM code, C=native code)
V  [jvm.dll+0x61e59a]
V  [jvm.dll+0x7aaca9]
V  [jvm.dll+0x7ac398]
V  [jvm.dll+0x7aca73]
V  [jvm.dll+0x24f9b8]
V  [jvm.dll+0xb95d4]
V  [jvm.dll+0x2e0518]
V  [jvm.dll+0x784af7]
V  [jvm.dll+0x78628f]
V  [jvm.dll+0x35f479]
V  [jvm.dll+0x767aa0]
V  [jvm.dll+0x3ccf1f]
V  [jvm.dll+0x3cf2b1]
C  [jli.dll+0x5207]
C  [ucrtbase.dll+0x21bb2]
C  [KERNEL32.DLL+0x17614]
C  [ntdll.dll+0x526b1]


---------------  P R O C E S S  ---------------

Threads class SMR info:
_java_thread_list=0x0000027ba3382130, length=0, elements={
}

Java Threads: ( => current thread )

Other Threads:

=>0x0000027ba552e000 (exited) JavaThread "Unknown thread" [_thread_in_vm, id=16320, stack(0x0000008735a00000,0x0000008735b00000)]

Threads with active compile tasks:

VM state:not at safepoint (not fully initialized)

VM Mutex/Monitor currently owned by a thread: None


[error occurred during error reporting (printing compressed oops mode), id 0xc0000005, EXCEPTION_ACCESS_VIOLATION (0xc0000005) at pc=0x00007ffef0e758d7]

GC Heap History (0 events):
No events

Deoptimization events (0 events):
No events

Classes redefined (0 events):
No events

Internal exceptions (0 events):
No events

Events (1 events):
Event: 0.006 Loaded shared library C:\Program Files\Unity\Hub\Editor\2022.3.0f1\Editor\Data\PlaybackEngines\AndroidPlayer\OpenJDK\bin\zip.dll


Dynamic libraries:
0x00007ff7ddd70000 - 0x00007ff7ddd7d000 	C:\Program Files\Unity\Hub\Editor\2022.3.0f1\Editor\Data\PlaybackEngines\AndroidPlayer\OpenJDK\bin\java.exe
0x00007fff86630000 - 0x00007fff86828000 	C:\Windows\SYSTEM32\ntdll.dll
0x00007fff863a0000 - 0x00007fff8645f000 	C:\Windows\System32\KERNEL32.DLL
0x00007fff84260000 - 0x00007fff84556000 	C:\Windows\System32\KERNELBASE.dll
0x00007fff84560000 - 0x00007fff84660000 	C:\Windows\System32\ucrtbase.dll
0x00007fff6c1e0000 - 0x00007fff6c1f5000 	C:\Program Files\Unity\Hub\Editor\2022.3.0f1\Editor\Data\PlaybackEngines\AndroidPlayer\OpenJDK\bin\VCRUNTIME140.dll
0x00007fff6c240000 - 0x00007fff6c257000 	C:\Program Files\Unity\Hub\Editor\2022.3.0f1\Editor\Data\PlaybackEngines\AndroidPlayer\OpenJDK\bin\jli.dll
0x00007fff85140000 - 0x00007fff852dd000 	C:\Windows\System32\USER32.dll
0x00007fff83f60000 - 0x00007fff83f82000 	C:\Windows\System32\win32u.dll
0x00007fff72bf0000 - 0x00007fff72e8a000 	C:\Windows\WinSxS\amd64_microsoft.windows.common-controls_6595b64144ccf1df_6.0.19041.1110_none_60b5254171f9507e\COMCTL32.dll
0x00007fff85380000 - 0x00007fff853ac000 	C:\Windows\System32\GDI32.dll
0x00007fff852e0000 - 0x00007fff8537e000 	C:\Windows\System32\msvcrt.dll
0x00007fff84140000 - 0x00007fff84255000 	C:\Windows\System32\gdi32full.dll
0x00007fff83e70000 - 0x00007fff83f0d000 	C:\Windows\System32\msvcp_win.dll
0x00007fff85fe0000 - 0x00007fff86010000 	C:\Windows\System32\IMM32.DLL
0x00007fff3eea0000 - 0x00007fff3ef3b000 	C:\Program Files\Unity\Hub\Editor\2022.3.0f1\Editor\Data\PlaybackEngines\AndroidPlayer\OpenJDK\bin\msvcp140.dll
0x00007ffef06f0000 - 0x00007ffef1271000 	C:\Program Files\Unity\Hub\Editor\2022.3.0f1\Editor\Data\PlaybackEngines\AndroidPlayer\OpenJDK\bin\server\jvm.dll
0x00007fff84fd0000 - 0x00007fff8507f000 	C:\Windows\System32\ADVAPI32.dll
0x00007fff86300000 - 0x00007fff8639c000 	C:\Windows\System32\sechost.dll
0x00007fff85dc0000 - 0x00007fff85ee6000 	C:\Windows\System32\RPCRT4.dll
0x00007fff85080000 - 0x00007fff85088000 	C:\Windows\System32\PSAPI.DLL
0x00007fff75ea0000 - 0x00007fff75ea9000 	C:\Windows\SYSTEM32\WSOCK32.dll
0x00007fff6dc10000 - 0x00007fff6dc37000 	C:\Windows\SYSTEM32\WINMM.dll
0x00007fff7e190000 - 0x00007fff7e19a000 	C:\Windows\SYSTEM32\VERSION.dll
0x00007fff85ef0000 - 0x00007fff85f5b000 	C:\Windows\System32\WS2_32.dll
0x00007fff81be0000 - 0x00007fff81bf2000 	C:\Windows\SYSTEM32\kernel.appcore.dll
0x00007fff76210000 - 0x00007fff76220000 	C:\Program Files\Unity\Hub\Editor\2022.3.0f1\Editor\Data\PlaybackEngines\AndroidPlayer\OpenJDK\bin\verify.dll
0x00007fff7f3b0000 - 0x00007fff7f594000 	C:\Windows\SYSTEM32\DBGHELP.DLL
0x00007fff7f350000 - 0x00007fff7f384000 	C:\Windows\SYSTEM32\dbgcore.DLL
0x00007fff84040000 - 0x00007fff840c2000 	C:\Windows\System32\bcryptPrimitives.dll
0x00007fff4f020000 - 0x00007fff4f048000 	C:\Program Files\Unity\Hub\Editor\2022.3.0f1\Editor\Data\PlaybackEngines\AndroidPlayer\OpenJDK\bin\java.dll
0x00007fff5f9d0000 - 0x00007fff5f9da000 	C:\Program Files\Unity\Hub\Editor\2022.3.0f1\Editor\Data\PlaybackEngines\AndroidPlayer\OpenJDK\bin\jimage.dll
0x00007fff56a10000 - 0x00007fff56a28000 	C:\Program Files\Unity\Hub\Editor\2022.3.0f1\Editor\Data\PlaybackEngines\AndroidPlayer\OpenJDK\bin\zip.dll

dbghelp: loaded successfully - version: 4.0.5 - missing functions: none
symbol engine: initialized successfully - sym options: 0x614 - pdb path: .;C:\Program Files\Unity\Hub\Editor\2022.3.0f1\Editor\Data\PlaybackEngines\AndroidPlayer\OpenJDK\bin;C:\Windows\SYSTEM32;C:\Windows\WinSxS\amd64_microsoft.windows.common-controls_6595b64144ccf1df_6.0.19041.1110_none_60b5254171f9507e;C:\Program Files\Unity\Hub\Editor\2022.3.0f1\Editor\Data\PlaybackEngines\AndroidPlayer\OpenJDK\bin\server

VM Arguments:
jvm_args: -Dfile.encoding=UTF-8 
java_command: <unknown>
java_class_path (initial): <not set>
Launcher Type: SUN_STANDARD

[Global flags]
     intx CICompilerCount                          = 4                                         {product} {ergonomic}
     uint G1ConcRefinementThreads                  = 8                                         {product} {ergonomic}
   size_t G1HeapRegionSize                         = 1048576                                   {product} {ergonomic}
    uintx GCDrainStackTargetSize                   = 64                                        {product} {ergonomic}
   size_t InitialHeapSize                          = 266338304                                 {product} {ergonomic}
   size_t MaxHeapSize                              = 4259315712                                {product} {ergonomic}
   size_t MinHeapDeltaBytes                        = 1048576                                   {product} {ergonomic}
    uintx NonNMethodCodeHeapSize                   = 5836300                                {pd product} {ergonomic}
    uintx NonProfiledCodeHeapSize                  = 122910970                              {pd product} {ergonomic}
    uintx ProfiledCodeHeapSize                     = 122910970                              {pd product} {ergonomic}
    uintx ReservedCodeCacheSize                    = 251658240                              {pd product} {ergonomic}
     bool SegmentedCodeCache                       = true                                      {product} {ergonomic}
     bool UseCompressedClassPointers               = true                                 {lp64_product} {ergonomic}
     bool UseCompressedOops                        = true                                 {lp64_product} {ergonomic}
     bool UseG1GC                                  = true                                      {product} {ergonomic}
     bool UseLargePagesIndividualAllocation        = false                                  {pd product} {ergonomic}

Logging:
Log output configuration:
 #0: stdout all=warning uptime,level,tags
 #1: stderr all=off uptime,level,tags

Environment Variables:
JAVA_HOME=C:\Program Files\Unity\Hub\Editor\2022.3.0f1\Editor\Data\PlaybackEngines\AndroidPlayer\OpenJDK
JAVA_TOOL_OPTIONS=-Dfile.encoding=UTF-8
PATH=C:\Program Files (x86)\Common Files\Oracle\Java\javapath;C:\Program Files\Microsoft\jdk-11.0.16.101-hotspot\bin;C:\Windows\system32;C:\Windows;C:\Windows\System32\Wbem;C:\Windows\System32\WindowsPowerShell\v1.0\;C:\Windows\System32\OpenSSH\;C:\Program Files\Git\cmd;C:\Program Files\dotnet\;C:\Program Files\Java\jdk-1.8\bin;C:\Program Files\Cloudflare\Cloudflare WARP\;C:\Users\tttt\AppData\Local\Microsoft\WindowsApps;;C:\Program Files\JetBrains\IntelliJ IDEA Community Edition 2023.1.2\bin;;C:\Users\tttt\AppData\Local\Programs\Microsoft VS Code\bin;C:\Users\tttt\.dotnet\tools
USERNAME=tttt
OS=Windows_NT
PROCESSOR_IDENTIFIER=Intel64 Family 6 Model 158 Stepping 9, GenuineIntel



---------------  S Y S T E M  ---------------

OS: Windows 10 , 64 bit Build 19041 (10.0.19041.3155)
OS uptime: 3 days 1:26 hours

CPU:total 8 (initial active 8) (4 cores per cpu, 2 threads per core) family 6 model 158 stepping 9 microcode 0xb4, cmov, cx8, fxsr, mmx, sse, sse2, sse3, ssse3, sse4.1, sse4.2, popcnt, avx, avx2, aes, clmul, erms, rtm, 3dnowpref, lzcnt, ht, tsc, tscinvbit, bmi1, bmi2, adx, fma

Memory: 4k page, system-wide physical 16246M (484M free)
TotalPageFile size 35289M (AvailPageFile size 44M)
current process WorkingSet (physical memory assigned to process): 9M, peak: 9M
current process commit charge ("private bytes"): 11M, peak: 12M

vm_info: OpenJDK 64-Bit Server VM (11.0.14.1+1) for windows-amd64 JRE (11.0.14.1+1), built on Feb  9 2022 01:48:27 by "" with unknown MS VC++:1916

END.
