#
# There is insufficient memory for the Java Runtime Environment to continue.
# Native memory allocation (mmap) failed to map 266338304 bytes for Failed to commit area from 0x0000000702200000 to 0x0000000712000000 of length 266338304.
# Possible reasons:
#   The system is out of physical RAM or swap space
#   The process is running with CompressedOops enabled, and the Java Heap may be blocking the growth of the native heap
# Possible solutions:
#   Reduce memory load on the system
#   Increase physical memory or swap space
#   Check if swap backing store is full
#   Decrease Java heap size (-Xmx/-Xms)
#   Decrease number of Java threads
#   Decrease Java thread stack sizes (-Xss)
#   Set larger code cache with -XX:ReservedCodeCacheSize=
# This output file may be truncated or incomplete.
#
#  Out of Memory Error (./src/hotspot/os/windows/os_windows.cpp:3387), pid=24896, tid=21852
#
# JRE version:  (11.0.14.1+1) (build )
# Java VM: OpenJDK 64-Bit Server VM (11.0.14.1+1, mixed mode, sharing, tiered, compressed oops, g1 gc, windows-amd64)
# No core dump will be written. Minidumps are not enabled by default on client versions of Windows
#

---------------  S U M M A R Y ------------

Command Line: -Dfile.encoding=UTF-8 -Dcom.android.sdklib.toolsdir=C:\Program Files\Unity\Hub\Editor\2022.3.0f1\Editor\Data\PlaybackEngines\AndroidPlayer\SDK\cmdline-tools\6.0\bin\\.. com.android.sdklib.tool.sdkmanager.SdkManagerCli --list

Host: Intel(R) Core(TM) i7-7700 CPU @ 3.60GHz, 8 cores, 15G,  Windows 10 , 64 bit Build 19041 (10.0.19041.3155)
Time: Wed Aug 16 16:03:46 2023 SE Asia Standard Time elapsed time: 0.011134 seconds (0d 0h 0m 0s)

---------------  T H R E A D  ---------------

Current thread (0x0000023b81dc1800):  JavaThread "Unknown thread" [_thread_in_vm, id=21852, stack(0x000000bcda900000,0x000000bcdaa00000)]

Stack: [0x000000bcda900000,0x000000bcdaa00000]
Native frames: (J=compiled Java code, j=interpreted, Vv=VM code, C=native code)
V  [jvm.dll+0x61e59a]
V  [jvm.dll+0x7aaca9]
V  [jvm.dll+0x7ac398]
V  [jvm.dll+0x7aca73]
V  [jvm.dll+0x24f9b8]
V  [jvm.dll+0x61b83a]
V  [jvm.dll+0x6100c5]
V  [jvm.dll+0x30772c]
V  [jvm.dll+0x3075b2]
V  [jvm.dll+0x30c2d6]
V  [jvm.dll+0x35272f]
V  [jvm.dll+0x352160]
V  [jvm.dll+0x2e4728]
V  [jvm.dll+0x2e5886]
V  [jvm.dll+0x784b07]
V  [jvm.dll+0x78628f]
V  [jvm.dll+0x35f479]
V  [jvm.dll+0x767aa0]
V  [jvm.dll+0x3ccf1f]
V  [jvm.dll+0x3cf2b1]
C  [jli.dll+0x5207]
C  [ucrtbase.dll+0x21bb2]
C  [KERNEL32.DLL+0x17614]
C  [ntdll.dll+0x526b1]


---------------  P R O C E S S  ---------------

Threads class SMR info:
_java_thread_list=0x0000023bffb30c80, length=0, elements={
}

Java Threads: ( => current thread )

Other Threads:
  0x0000023b81dd6000 GCTaskThread "GC Thread#0" [stack: 0x000000bcdaa00000,0x000000bcdab00000] [id=7804]
  0x0000023b81e35800 ConcurrentGCThread "G1 Main Marker" [stack: 0x000000bcdab00000,0x000000bcdac00000] [id=2888]
  0x0000023b81e39000 ConcurrentGCThread "G1 Conc#0" [stack: 0x000000bcdac00000,0x000000bcdad00000] [id=12132]

[error occurred during error reporting (printing all threads), id 0xc0000005, EXCEPTION_ACCESS_VIOLATION (0xc0000005) at pc=0x00007ffa7c0a3ef7]

VM state:not at safepoint (not fully initialized)

VM Mutex/Monitor currently owned by a thread:  ([mutex/lock_event])
[0x0000023b81dbe520] Heap_lock - owner thread: 0x0000023b81dc1800

Heap address: 0x0000000702200000, size: 4062 MB, Compressed Oops mode: Non-zero based: 0x0000000702200000
Narrow klass base: 0x0000000000000000, Narrow klass shift: 0

GC Heap History (0 events):
No events

Deoptimization events (0 events):
No events

Classes redefined (0 events):
No events

Internal exceptions (0 events):
No events

Events (1 events):
Event: 0.007 Loaded shared library C:\Program Files\Unity\Hub\Editor\2022.3.0f1\Editor\Data\PlaybackEngines\AndroidPlayer\OpenJDK\bin\zip.dll


Dynamic libraries:
0x00007ff7259d0000 - 0x00007ff7259dd000 	C:\Program Files\Unity\Hub\Editor\2022.3.0f1\Editor\Data\PlaybackEngines\AndroidPlayer\OpenJDK\bin\java.exe
0x00007ffb1f4f0000 - 0x00007ffb1f6e8000 	C:\Windows\SYSTEM32\ntdll.dll
0x00007ffb1f100000 - 0x00007ffb1f1bf000 	C:\Windows\System32\KERNEL32.DLL
0x00007ffb1d130000 - 0x00007ffb1d426000 	C:\Windows\System32\KERNELBASE.dll
0x00007ffb1d030000 - 0x00007ffb1d130000 	C:\Windows\System32\ucrtbase.dll
0x00007ffb17cc0000 - 0x00007ffb17cd7000 	C:\Program Files\Unity\Hub\Editor\2022.3.0f1\Editor\Data\PlaybackEngines\AndroidPlayer\OpenJDK\bin\jli.dll
0x00007ffb17ce0000 - 0x00007ffb17cf5000 	C:\Program Files\Unity\Hub\Editor\2022.3.0f1\Editor\Data\PlaybackEngines\AndroidPlayer\OpenJDK\bin\VCRUNTIME140.dll
0x00007ffb1eaf0000 - 0x00007ffb1ec8d000 	C:\Windows\System32\USER32.dll
0x00007ffb1cc60000 - 0x00007ffb1cc82000 	C:\Windows\System32\win32u.dll
0x00007ffb02510000 - 0x00007ffb027aa000 	C:\Windows\WinSxS\amd64_microsoft.windows.common-controls_6595b64144ccf1df_6.0.19041.1110_none_60b5254171f9507e\COMCTL32.dll
0x00007ffb1e640000 - 0x00007ffb1e66c000 	C:\Windows\System32\GDI32.dll
0x00007ffb1f1e0000 - 0x00007ffb1f27e000 	C:\Windows\System32\msvcrt.dll
0x00007ffb1d430000 - 0x00007ffb1d545000 	C:\Windows\System32\gdi32full.dll
0x00007ffb1cce0000 - 0x00007ffb1cd7d000 	C:\Windows\System32\msvcp_win.dll
0x00007ffb1e7a0000 - 0x00007ffb1e7d0000 	C:\Windows\System32\IMM32.DLL
0x00007ffae61e0000 - 0x00007ffae627b000 	C:\Program Files\Unity\Hub\Editor\2022.3.0f1\Editor\Data\PlaybackEngines\AndroidPlayer\OpenJDK\bin\msvcp140.dll
0x00007ffa7bdb0000 - 0x00007ffa7c931000 	C:\Program Files\Unity\Hub\Editor\2022.3.0f1\Editor\Data\PlaybackEngines\AndroidPlayer\OpenJDK\bin\server\jvm.dll
0x00007ffb1e7d0000 - 0x00007ffb1e87f000 	C:\Windows\System32\ADVAPI32.dll
0x00007ffb1d670000 - 0x00007ffb1d70c000 	C:\Windows\System32\sechost.dll
0x00007ffb1d8e0000 - 0x00007ffb1da06000 	C:\Windows\System32\RPCRT4.dll
0x00007ffb1f1c0000 - 0x00007ffb1f1c8000 	C:\Windows\System32\PSAPI.DLL
0x00007ffb16d70000 - 0x00007ffb16d79000 	C:\Windows\SYSTEM32\WSOCK32.dll
0x00007ffb18120000 - 0x00007ffb1812a000 	C:\Windows\SYSTEM32\VERSION.dll
0x00007ffb056f0000 - 0x00007ffb05717000 	C:\Windows\SYSTEM32\WINMM.dll
0x00007ffb1e570000 - 0x00007ffb1e5db000 	C:\Windows\System32\WS2_32.dll
0x00007ffb1aaa0000 - 0x00007ffb1aab2000 	C:\Windows\SYSTEM32\kernel.appcore.dll
0x00007ffb052b0000 - 0x00007ffb052c0000 	C:\Program Files\Unity\Hub\Editor\2022.3.0f1\Editor\Data\PlaybackEngines\AndroidPlayer\OpenJDK\bin\verify.dll
0x00007ffb16760000 - 0x00007ffb16944000 	C:\Windows\SYSTEM32\DBGHELP.DLL
0x00007ffb16530000 - 0x00007ffb16564000 	C:\Windows\SYSTEM32\dbgcore.DLL
0x00007ffb1cbd0000 - 0x00007ffb1cc52000 	C:\Windows\System32\bcryptPrimitives.dll
0x00007ffaf41a0000 - 0x00007ffaf41c8000 	C:\Program Files\Unity\Hub\Editor\2022.3.0f1\Editor\Data\PlaybackEngines\AndroidPlayer\OpenJDK\bin\java.dll
0x00007ffb05170000 - 0x00007ffb0517a000 	C:\Program Files\Unity\Hub\Editor\2022.3.0f1\Editor\Data\PlaybackEngines\AndroidPlayer\OpenJDK\bin\jimage.dll
0x00007ffaf4180000 - 0x00007ffaf4198000 	C:\Program Files\Unity\Hub\Editor\2022.3.0f1\Editor\Data\PlaybackEngines\AndroidPlayer\OpenJDK\bin\zip.dll

dbghelp: loaded successfully - version: 4.0.5 - missing functions: none
symbol engine: initialized successfully - sym options: 0x614 - pdb path: .;C:\Program Files\Unity\Hub\Editor\2022.3.0f1\Editor\Data\PlaybackEngines\AndroidPlayer\OpenJDK\bin;C:\Windows\SYSTEM32;C:\Windows\WinSxS\amd64_microsoft.windows.common-controls_6595b64144ccf1df_6.0.19041.1110_none_60b5254171f9507e;C:\Program Files\Unity\Hub\Editor\2022.3.0f1\Editor\Data\PlaybackEngines\AndroidPlayer\OpenJDK\bin\server

VM Arguments:
jvm_args: -Dfile.encoding=UTF-8 -Dcom.android.sdklib.toolsdir=C:\Program Files\Unity\Hub\Editor\2022.3.0f1\Editor\Data\PlaybackEngines\AndroidPlayer\SDK\cmdline-tools\6.0\bin\\.. 
java_command: com.android.sdklib.tool.sdkmanager.SdkManagerCli --list
java_class_path (initial): C:\Program Files\Unity\Hub\Editor\2022.3.0f1\Editor\Data\PlaybackEngines\AndroidPlayer\SDK\cmdline-tools\6.0\bin\..\lib\sdkmanager-classpath.jar
Launcher Type: SUN_STANDARD

[Global flags]
     intx CICompilerCount                          = 4                                         {product} {ergonomic}
     uint ConcGCThreads                            = 2                                         {product} {ergonomic}
     uint G1ConcRefinementThreads                  = 8                                         {product} {ergonomic}
   size_t G1HeapRegionSize                         = 1048576                                   {product} {ergonomic}
    uintx GCDrainStackTargetSize                   = 64                                        {product} {ergonomic}
   size_t InitialHeapSize                          = 266338304                                 {product} {ergonomic}
   size_t MarkStackSize                            = 4194304                                   {product} {ergonomic}
   size_t MaxHeapSize                              = 4259315712                                {product} {ergonomic}
   size_t MinHeapDeltaBytes                        = 1048576                                   {product} {ergonomic}
    uintx NonNMethodCodeHeapSize                   = 5836300                                {pd product} {ergonomic}
    uintx NonProfiledCodeHeapSize                  = 122910970                              {pd product} {ergonomic}
    uintx ProfiledCodeHeapSize                     = 122910970                              {pd product} {ergonomic}
    uintx ReservedCodeCacheSize                    = 251658240                              {pd product} {ergonomic}
     bool SegmentedCodeCache                       = true                                      {product} {ergonomic}
     bool UseCompressedClassPointers               = true                                 {lp64_product} {ergonomic}
     bool UseCompressedOops                        = true                                 {lp64_product} {ergonomic}
     bool UseG1GC                                  = true                                      {product} {ergonomic}
     bool UseLargePagesIndividualAllocation        = false                                  {pd product} {ergonomic}

Logging:
Log output configuration:
 #0: stdout all=warning uptime,level,tags
 #1: stderr all=off uptime,level,tags

Environment Variables:
JAVA_HOME=C:\Program Files\Unity\Hub\Editor\2022.3.0f1\Editor\Data\PlaybackEngines\AndroidPlayer\OpenJDK
JAVA_TOOL_OPTIONS=-Dfile.encoding=UTF-8
CLASSPATH=C:\Program Files\Unity\Hub\Editor\2022.3.0f1\Editor\Data\PlaybackEngines\AndroidPlayer\SDK\cmdline-tools\6.0\bin\..\lib\sdkmanager-classpath.jar
PATH=C:\Program Files (x86)\Common Files\Oracle\Java\javapath;C:\Program Files\Microsoft\jdk-11.0.16.101-hotspot\bin;C:\Windows\system32;C:\Windows;C:\Windows\System32\Wbem;C:\Windows\System32\WindowsPowerShell\v1.0\;C:\Windows\System32\OpenSSH\;C:\Program Files\Git\cmd;C:\Program Files\dotnet\;C:\Program Files\Java\jdk-1.8\bin;C:\Program Files\Cloudflare\Cloudflare WARP\;C:\Users\tttt\AppData\Local\Microsoft\WindowsApps;;C:\Program Files\JetBrains\IntelliJ IDEA Community Edition 2023.1.2\bin;;C:\Users\tttt\AppData\Local\Programs\Microsoft VS Code\bin;C:\Users\tttt\.dotnet\tools
USERNAME=tttt
OS=Windows_NT
PROCESSOR_IDENTIFIER=Intel64 Family 6 Model 158 Stepping 9, GenuineIntel



---------------  S Y S T E M  ---------------

OS: Windows 10 , 64 bit Build 19041 (10.0.19041.3155)
OS uptime: 7 days 6:28 hours

CPU:total 8 (initial active 8) (4 cores per cpu, 2 threads per core) family 6 model 158 stepping 9 microcode 0xb4, cmov, cx8, fxsr, mmx, sse, sse2, sse3, ssse3, sse4.1, sse4.2, popcnt, avx, avx2, aes, clmul, erms, rtm, 3dnowpref, lzcnt, ht, tsc, tscinvbit, bmi1, bmi2, adx, fma

Memory: 4k page, system-wide physical 16246M (403M free)
TotalPageFile size 35289M (AvailPageFile size 184M)
current process WorkingSet (physical memory assigned to process): 10M, peak: 10M
current process commit charge ("private bytes"): 60M, peak: 314M

vm_info: OpenJDK 64-Bit Server VM (11.0.14.1+1) for windows-amd64 JRE (11.0.14.1+1), built on Feb  9 2022 01:48:27 by "" with unknown MS VC++:1916

END.
