#
# There is insufficient memory for the Java Runtime Environment to continue.
# Native memory allocation (malloc) failed to allocate 1048576 bytes for AllocateHeap
# Possible reasons:
#   The system is out of physical RAM or swap space
#   The process is running with CompressedOops enabled, and the Java Heap may be blocking the growth of the native heap
# Possible solutions:
#   Reduce memory load on the system
#   Increase physical memory or swap space
#   Check if swap backing store is full
#   Decrease Java heap size (-Xmx/-Xms)
#   Decrease number of Java threads
#   Decrease Java thread stack sizes (-Xss)
#   Set larger code cache with -XX:ReservedCodeCacheSize=
# This output file may be truncated or incomplete.
#
#  Out of Memory Error (./src/hotspot/share/memory/allocation.cpp:46), pid=2400, tid=2812
#
# JRE version:  (11.0.14.1+1) (build )
# Java VM: OpenJDK 64-Bit Server VM (11.0.14.1+1, mixed mode, sharing, tiered, compressed oops, g1 gc, windows-amd64)
# No core dump will be written. Minidumps are not enabled by default on client versions of Windows
#

---------------  S U M M A R Y ------------

Command Line: 

Host: Intel(R) Core(TM) i5-10400 CPU @ 2.90GHz, 12 cores, 15G,  Windows 11 , 64 bit Build 22621 (10.0.22621.2428)
Time: Mon Oct 16 15:34:59 2023 SE Asia Standard Time elapsed time: 0.008288 seconds (0d 0h 0m 0s)

---------------  T H R E A D  ---------------

Current thread (0x0000028ce8516800):  JavaThread "Unknown thread" [_thread_in_vm, id=2812, stack(0x000000c6cd900000,0x000000c6cda00000)]

Stack: [0x000000c6cd900000,0x000000c6cda00000]
Native frames: (J=compiled Java code, j=interpreted, Vv=VM code, C=native code)
V  [jvm.dll+0x61e59a]
V  [jvm.dll+0x7aaca9]
V  [jvm.dll+0x7ac398]
V  [jvm.dll+0x7aca73]
V  [jvm.dll+0x24f9b8]
V  [jvm.dll+0xb95d4]
V  [jvm.dll+0x2eba44]
V  [jvm.dll+0x2e5849]
V  [jvm.dll+0x784b07]
V  [jvm.dll+0x78628f]
V  [jvm.dll+0x35f479]
V  [jvm.dll+0x767aa0]
V  [jvm.dll+0x3ccf1f]
V  [jvm.dll+0x3cf2b1]
C  [jli.dll+0x5207]
C  [ucrtbase.dll+0x29363]
C  [KERNEL32.DLL+0x1257d]
C  [ntdll.dll+0x5aa78]


---------------  P R O C E S S  ---------------

Threads class SMR info:
_java_thread_list=0x0000028ce62b3c70, length=0, elements={
}

Java Threads: ( => current thread )

Other Threads:
  0x0000028ce852d800 GCTaskThread "GC Thread#0" [stack: 0x000000c6cda00000,0x000000c6cdb00000] [id=31692]

[error occurred during error reporting (printing all threads), id 0xc0000005, EXCEPTION_ACCESS_VIOLATION (0xc0000005) at pc=0x00007ff8701a1030]

VM state:not at safepoint (not fully initialized)

VM Mutex/Monitor currently owned by a thread:  ([mutex/lock_event])
[0x0000028ce8513040] Heap_lock - owner thread: 0x0000028ce8516800

Heap address: 0x0000000702e00000, size: 4050 MB, Compressed Oops mode: Non-zero based: 0x0000000702e00000
Narrow klass base: 0x0000000000000000, Narrow klass shift: 0

GC Heap History (0 events):
No events

Deoptimization events (0 events):
No events

Classes redefined (0 events):
No events

Internal exceptions (0 events):
No events

Events (1 events):
Event: 0.005 Loaded shared library D:\Unity\Editor\2022.3.10f1\Editor\Data\PlaybackEngines\AndroidPlayer\OpenJDK\bin\zip.dll


Dynamic libraries:
0x00007ff699a40000 - 0x00007ff699a4d000 	D:\Unity\Editor\2022.3.10f1\Editor\Data\PlaybackEngines\AndroidPlayer\OpenJDK\bin\java.exe
0x00007ff8bec50000 - 0x00007ff8bee67000 	C:\WINDOWS\SYSTEM32\ntdll.dll
0x00007ff8bdc30000 - 0x00007ff8bdcf4000 	C:\WINDOWS\System32\KERNEL32.DLL
0x00007ff8bc470000 - 0x00007ff8bc816000 	C:\WINDOWS\System32\KERNELBASE.dll
0x00007ff8bc890000 - 0x00007ff8bc9a1000 	C:\WINDOWS\System32\ucrtbase.dll
0x00007ff89c570000 - 0x00007ff89c587000 	D:\Unity\Editor\2022.3.10f1\Editor\Data\PlaybackEngines\AndroidPlayer\OpenJDK\bin\jli.dll
0x00007ff897260000 - 0x00007ff897275000 	D:\Unity\Editor\2022.3.10f1\Editor\Data\PlaybackEngines\AndroidPlayer\OpenJDK\bin\VCRUNTIME140.dll
0x00007ff8bddb0000 - 0x00007ff8bdf5d000 	C:\WINDOWS\System32\USER32.dll
0x00007ff8bc3a0000 - 0x00007ff8bc3c6000 	C:\WINDOWS\System32\win32u.dll
0x00007ff8a49a0000 - 0x00007ff8a4c33000 	C:\WINDOWS\WinSxS\amd64_microsoft.windows.common-controls_6595b64144ccf1df_6.0.22621.2361_none_2712ced57382f843\COMCTL32.dll
0x00007ff8be100000 - 0x00007ff8be129000 	C:\WINDOWS\System32\GDI32.dll
0x00007ff8bcdc0000 - 0x00007ff8bce67000 	C:\WINDOWS\System32\msvcrt.dll
0x00007ff8bc090000 - 0x00007ff8bc1a8000 	C:\WINDOWS\System32\gdi32full.dll
0x00007ff8bc3d0000 - 0x00007ff8bc46a000 	C:\WINDOWS\System32\msvcp_win.dll
0x00007ff8bcb60000 - 0x00007ff8bcb91000 	C:\WINDOWS\System32\IMM32.DLL
0x00007ff87c910000 - 0x00007ff87c9ab000 	D:\Unity\Editor\2022.3.10f1\Editor\Data\PlaybackEngines\AndroidPlayer\OpenJDK\bin\msvcp140.dll
0x00007ff86feb0000 - 0x00007ff870a31000 	D:\Unity\Editor\2022.3.10f1\Editor\Data\PlaybackEngines\AndroidPlayer\OpenJDK\bin\server\jvm.dll
0x00007ff8bcab0000 - 0x00007ff8bcb60000 	C:\WINDOWS\System32\ADVAPI32.dll
0x00007ff8bdd00000 - 0x00007ff8bdda6000 	C:\WINDOWS\System32\sechost.dll
0x00007ff8bdf60000 - 0x00007ff8be077000 	C:\WINDOWS\System32\RPCRT4.dll
0x00007ff8bcdb0000 - 0x00007ff8bcdb8000 	C:\WINDOWS\System32\PSAPI.DLL
0x00007ff8b7c40000 - 0x00007ff8b7c49000 	C:\WINDOWS\SYSTEM32\WSOCK32.dll
0x00007ff8b1830000 - 0x00007ff8b1864000 	C:\WINDOWS\SYSTEM32\WINMM.dll
0x00007ff8b6780000 - 0x00007ff8b678a000 	C:\WINDOWS\SYSTEM32\VERSION.dll
0x00007ff8be130000 - 0x00007ff8be1a1000 	C:\WINDOWS\System32\WS2_32.dll
0x00007ff8bafb0000 - 0x00007ff8bafc8000 	C:\WINDOWS\SYSTEM32\kernel.appcore.dll
0x00007ff8a9530000 - 0x00007ff8a9540000 	D:\Unity\Editor\2022.3.10f1\Editor\Data\PlaybackEngines\AndroidPlayer\OpenJDK\bin\verify.dll
0x00007ff8a6800000 - 0x00007ff8a6a2e000 	C:\WINDOWS\SYSTEM32\DBGHELP.DLL
0x00007ff8be3e0000 - 0x00007ff8be76a000 	C:\WINDOWS\System32\combase.dll
0x00007ff8be300000 - 0x00007ff8be3d7000 	C:\WINDOWS\System32\OLEAUT32.dll
0x00007ff8a7770000 - 0x00007ff8a77a2000 	C:\WINDOWS\SYSTEM32\dbgcore.DLL
0x00007ff8bc1b0000 - 0x00007ff8bc22a000 	C:\WINDOWS\System32\bcryptPrimitives.dll
0x00007ff895730000 - 0x00007ff895758000 	D:\Unity\Editor\2022.3.10f1\Editor\Data\PlaybackEngines\AndroidPlayer\OpenJDK\bin\java.dll
0x00007ff8a93e0000 - 0x00007ff8a93ea000 	D:\Unity\Editor\2022.3.10f1\Editor\Data\PlaybackEngines\AndroidPlayer\OpenJDK\bin\jimage.dll
0x00007ff895710000 - 0x00007ff895728000 	D:\Unity\Editor\2022.3.10f1\Editor\Data\PlaybackEngines\AndroidPlayer\OpenJDK\bin\zip.dll

dbghelp: loaded successfully - version: 4.0.5 - missing functions: none
symbol engine: initialized successfully - sym options: 0x614 - pdb path: .;D:\Unity\Editor\2022.3.10f1\Editor\Data\PlaybackEngines\AndroidPlayer\OpenJDK\bin;C:\WINDOWS\SYSTEM32;C:\WINDOWS\WinSxS\amd64_microsoft.windows.common-controls_6595b64144ccf1df_6.0.22621.2361_none_2712ced57382f843;D:\Unity\Editor\2022.3.10f1\Editor\Data\PlaybackEngines\AndroidPlayer\OpenJDK\bin\server

VM Arguments:
java_command: <unknown>
java_class_path (initial): <not set>
Launcher Type: SUN_STANDARD

[Global flags]
     intx CICompilerCount                          = 4                                         {product} {ergonomic}
     uint ConcGCThreads                            = 3                                         {product} {ergonomic}
     uint G1ConcRefinementThreads                  = 10                                        {product} {ergonomic}
   size_t G1HeapRegionSize                         = 1048576                                   {product} {ergonomic}
    uintx GCDrainStackTargetSize                   = 64                                        {product} {ergonomic}
   size_t InitialHeapSize                          = 266338304                                 {product} {ergonomic}
   size_t MarkStackSize                            = 4194304                                   {product} {ergonomic}
   size_t MaxHeapSize                              = 4246732800                                {product} {ergonomic}
   size_t MinHeapDeltaBytes                        = 1048576                                   {product} {ergonomic}
    uintx NonNMethodCodeHeapSize                   = 5836300                                {pd product} {ergonomic}
    uintx NonProfiledCodeHeapSize                  = 122910970                              {pd product} {ergonomic}
    uintx ProfiledCodeHeapSize                     = 122910970                              {pd product} {ergonomic}
    uintx ReservedCodeCacheSize                    = 251658240                              {pd product} {ergonomic}
     bool SegmentedCodeCache                       = true                                      {product} {ergonomic}
     bool UseCompressedClassPointers               = true                                 {lp64_product} {ergonomic}
     bool UseCompressedOops                        = true                                 {lp64_product} {ergonomic}
     bool UseG1GC                                  = true                                      {product} {ergonomic}
     bool UseLargePagesIndividualAllocation        = false                                  {pd product} {ergonomic}

Logging:
Log output configuration:
 #0: stdout all=warning uptime,level,tags
 #1: stderr all=off uptime,level,tags

Environment Variables:
JAVA_HOME=D:/Unity/Editor/2022.3.10f1/Editor/Data/PlaybackEngines/AndroidPlayer\OpenJDK
PATH=C:\Program Files\Common Files\Oracle\Java\javapath;C:\ProgramData\Oracle\Java\javapath;C:\WINDOWS\system32;C:\WINDOWS;C:\WINDOWS\System32\Wbem;C:\WINDOWS\System32\WindowsPowerShell\v1.0\;C:\WINDOWS\System32\OpenSSH\;C:\Program Files\Git\cmd;C:\Program Files\Git LFS;C:\Program Files (x86)\Java\jdk1.8.0_45\bin;D:\Unity\Editor\2022.2.12f1\Editor\Data\PlaybackEngines\AndroidPlayer\SDK;C:\Program Files\nodejs\;C:\Program Files\Microsoft SQL Server\150\Tools\Binn\;C:\Program Files\dotnet\;C:\Users\letha\AppData\Local\Microsoft\WindowsApps;C:\Users\letha\AppData\Local\GitHubDesktop\bin;C:\Users\letha\AppData\Roaming\npm;C:\Users\letha\.dotnet\tools
USERNAME=letha
OS=Windows_NT
PROCESSOR_IDENTIFIER=Intel64 Family 6 Model 165 Stepping 3, GenuineIntel



---------------  S Y S T E M  ---------------

OS: Windows 11 , 64 bit Build 22621 (10.0.22621.2428)
OS uptime: 4 days 6:50 hours

CPU:total 12 (initial active 12) (6 cores per cpu, 2 threads per core) family 6 model 165 stepping 3 microcode 0xea, cmov, cx8, fxsr, mmx, sse, sse2, sse3, ssse3, sse4.1, sse4.2, popcnt, avx, avx2, aes, clmul, erms, 3dnowpref, lzcnt, ht, tsc, tscinvbit, bmi1, bmi2, adx, fma

Memory: 4k page, system-wide physical 16195M (1631M free)
TotalPageFile size 31529M (AvailPageFile size 5M)
current process WorkingSet (physical memory assigned to process): 10M, peak: 10M
current process commit charge ("private bytes"): 56M, peak: 57M

vm_info: OpenJDK 64-Bit Server VM (11.0.14.1+1) for windows-amd64 JRE (11.0.14.1+1), built on Feb  9 2022 01:48:27 by "" with unknown MS VC++:1916

END.
